{
  "stats": {
    "suites": 1,
    "tests": 2,
    "passes": 2,
    "pending": 0,
    "failures": 0,
    "start": "2022-10-21T10:34:50.924Z",
    "end": "2022-10-21T10:34:55.624Z",
    "duration": 4700,
    "testsRegistered": 2,
    "passPercent": 100,
    "pendingPercent": 0,
    "other": 0,
    "hasOther": false,
    "skipped": 0,
    "hasSkipped": false
  },
  "results": [
    {
      "uuid": "355fbd19-33cb-486a-aa54-6619f12ffea1",
      "title": "",
      "fullFile": "cypress/e2e/specs/login.cy.js",
      "file": "cypress/e2e/specs/login.cy.js",
      "beforeHooks": [],
      "afterHooks": [],
      "tests": [],
      "suites": [
        {
          "uuid": "1f745d2f-2be2-4c13-848c-fce0e41e3a0b",
          "title": "The Home Page",
          "fullFile": "",
          "file": "",
          "beforeHooks": [],
          "afterHooks": [],
          "tests": [
            {
              "title": "successfully loads",
              "fullTitle": "The Home Page successfully loads",
              "timedOut": null,
              "duration": 1518,
              "state": "passed",
              "speed": "fast",
              "pass": true,
              "fail": false,
              "pending": false,
              "context": null,
              "code": "cy.visit('/', {\n  // Add basic auth headers\n  auth: {\n    username: 'taledo',\n    password: 'recruiting4.0'\n  },\n  failOnStatusCode: false\n});",
              "err": {},
              "uuid": "02154dec-2b65-468c-9d24-15faec407b77",
              "parentUUID": "1f745d2f-2be2-4c13-848c-fce0e41e3a0b",
              "isHook": false,
              "skipped": false
            },
            {
              "title": "successfully logins",
              "fullTitle": "The Home Page successfully logins",
              "timedOut": null,
              "duration": 3164,
              "state": "passed",
              "speed": "fast",
              "pass": true,
              "fail": false,
              "pending": false,
              "context": null,
              "code": "cy.visit('/', {\n  // Add basic auth headers\n  auth: {\n    username: 'taledo',\n    password: 'recruiting4.0'\n  },\n  failOnStatusCode: false\n});\ncy.get('[data-id=email]').type('carlos.hevia@taledo.com');\ncy.get('[data-id=password]').type('Pochy*9024');\ncy.get('.ladda-button').click();",
              "err": {},
              "uuid": "5cc242b9-e151-468b-bd83-4b932377fbdf",
              "parentUUID": "1f745d2f-2be2-4c13-848c-fce0e41e3a0b",
              "isHook": false,
              "skipped": false
            }
          ],
          "suites": [],
          "passes": [
            "02154dec-2b65-468c-9d24-15faec407b77",
            "5cc242b9-e151-468b-bd83-4b932377fbdf"
          ],
          "failures": [],
          "pending": [],
          "skipped": [],
          "duration": 4682,
          "root": false,
          "rootEmpty": false,
          "_timeout": 2000
        }
      ],
      "passes": [],
      "failures": [],
      "pending": [],
      "skipped": [],
      "duration": 0,
      "root": true,
      "rootEmpty": true,
      "_timeout": 2000
    }
  ],
  "meta": {
    "mocha": {
      "version": "7.0.1"
    },
    "mochawesome": {
      "options": {
        "quiet": false,
        "reportFilename": "mochawesome",
        "saveHtml": true,
        "saveJson": true,
        "consoleReporter": "spec",
        "useInlineDiffs": false,
        "code": true
      },
      "version": "7.1.3"
    },
    "marge": {
      "options": null,
      "version": "6.2.0"
    }
  }
}